<?xml version="1.0" encoding="UTF-8"?>
<!-- Generated by org.testng.reporters.JUnitReportReporter -->
<testsuite hostname="Sumi" failures="0" tests="4" name="com.smart.parellel.TestClass1" time="0.018" errors="0" timestamp="2024-01-01T20:58:59 EST" skipped="0">
  <testcase classname="com.smart.parellel.TestClass1" name="testMethod1" time="0.014"/>
  <testcase classname="com.smart.parellel.TestClass1" name="testMethod3" time="0.001"/>
  <testcase classname="com.smart.parellel.TestClass1" name="testMethod4" time="0.001"/>
  <testcase classname="com.smart.parellel.TestClass1" name="testMethod2" time="0.002"/>
</testsuite> <!-- com.smart.parellel.TestClass1 -->
