<?xml version="1.0" encoding="UTF-8"?>
<!-- Generated by org.testng.reporters.JUnitReportReporter -->
<testsuite hostname="Sumi" failures="0" tests="4" name="com.smart.parellel.TestClass3" time="0.020" errors="0" timestamp="2024-01-01T22:01:21 EST" skipped="0">
  <testcase classname="com.smart.parellel.TestClass3" name="testMethod11" time="0.002"/>
  <testcase classname="com.smart.parellel.TestClass3" name="testMethod8" time="0.002"/>
  <testcase classname="com.smart.parellel.TestClass3" name="testMethod10" time="0.014"/>
  <testcase classname="com.smart.parellel.TestClass3" name="testMethod9" time="0.002"/>
</testsuite> <!-- com.smart.parellel.TestClass3 -->
