<?xml version="1.0" encoding="UTF-8"?>
<!-- Generated by org.testng.reporters.JUnitReportReporter -->
<testsuite hostname="Sumi" failures="0" tests="4" name="com.smart.parellel.TestClass2" time="0.020" errors="0" timestamp="2024-01-01T21:19:54 EST" skipped="0">
  <testcase classname="com.smart.parellel.TestClass2" name="testMethod5" time="0.014"/>
  <testcase classname="com.smart.parellel.TestClass2" name="testMethod7" time="0.001"/>
  <testcase classname="com.smart.parellel.TestClass2" name="testMethod8" time="0.003"/>
  <testcase classname="com.smart.parellel.TestClass2" name="testMethod6" time="0.002"/>
</testsuite> <!-- com.smart.parellel.TestClass2 -->
