<?xml version="1.0" encoding="UTF-8"?>
<!-- Generated by org.testng.reporters.JUnitReportReporter -->
<testsuite hostname="Sumi" failures="0" tests="2" name="com.qa.testNg.AnnotationsTwo" time="0.014" errors="0" timestamp="2023-12-21T22:55:20 EST" skipped="0">
  <testcase classname="com.qa.testNg.AnnotationsTwo" name="testOne" time="0.010"/>
  <testcase classname="com.qa.testNg.AnnotationsTwo" name="testTwo" time="0.004"/>
</testsuite> <!-- com.qa.testNg.AnnotationsTwo -->
