<?xml version="1.0" encoding="UTF-8"?>
<!-- Generated by org.testng.reporters.JUnitReportReporter -->
<testsuite hostname="Sumi" failures="0" tests="6" name="com.smart.invocationCount.TestInvocation" time="33.095" errors="0" timestamp="2024-01-01T00:50:13 EST" skipped="0">
  <testcase classname="com.smart.invocationCount.TestInvocation" name="testMethod" time="5.223"/>
  <testcase classname="com.smart.invocationCount.TestInvocation" name="testMethod" time="7.057"/>
  <testcase classname="com.smart.invocationCount.TestInvocation" name="testMethod" time="6.606"/>
  <testcase classname="com.smart.invocationCount.TestInvocation" name="testMethod" time="4.938"/>
  <testcase classname="com.smart.invocationCount.TestInvocation" name="testMethod" time="4.454"/>
  <testcase classname="com.smart.invocationCount.TestInvocation" name="testMethod" time="4.817"/>
</testsuite> <!-- com.smart.invocationCount.TestInvocation -->
