<?xml version="1.0" encoding="UTF-8"?>
<!-- Generated by org.testng.reporters.JUnitReportReporter -->
<testsuite hostname="Sumi" failures="0" tests="2" name="com.qa.testNg.Annotations" time="0.009" errors="0" timestamp="2023-12-17T13:46:44 EST" skipped="0">
  <testcase classname="com.qa.testNg.Annotations" name="f" time="0.006"/>
  <testcase classname="com.qa.testNg.Annotations" name="f" time="0.003"/>
</testsuite> <!-- com.qa.testNg.Annotations -->
