<?xml version="1.0" encoding="UTF-8"?>
<!-- Generated by org.testng.reporters.JUnitReportReporter -->
<testsuite hostname="Sumi" failures="0" tests="2" name="com.qa.testNg.ClassOne2" time="16.054" errors="0" timestamp="2023-12-22T23:06:01 EST" skipped="0">
  <testcase classname="com.qa.testNg.ClassOne2" name="facebook" time="10.829"/>
  <testcase classname="com.qa.testNg.ClassOne2" name="googleTest" time="5.225"/>
</testsuite> <!-- com.qa.testNg.ClassOne2 -->
