<?xml version="1.0" encoding="UTF-8"?>
<!-- Generated by org.testng.reporters.JUnitReportReporter -->
<testsuite hostname="Sumi" failures="0" tests="1" name="com.qa.testNg.ClassTwo" time="0.018" errors="0" timestamp="2023-12-22T22:55:35 EST" skipped="0">
  <testcase classname="com.qa.testNg.ClassTwo" name="testOrangeHRM" time="0.018"/>
</testsuite> <!-- com.qa.testNg.ClassTwo -->
